[00:01:59] [User Authenticator #2/INFO] [net.minecraft.network.login.ServerLoginNetHandler/]: UUID of player Sushyss is b1ef8f90-740e-3946-8cc3-d89284d3ff35
[00:01:59] [Netty Epoll Server IO #7/INFO] [net.minecraftforge.fml.network.FMLHandshakeHandler/]: Client attempting to join with 80 mods : zombie_extreme, saturn, auudio, hitindication, opotato, incontrol, nerb, entitycollisionfpsfix, connectivity, dynamiclights, tac, lesraisinsadd, insanelib, mr_mcoptimizer, totaldarkness, crafte_string, clumps, fastasyncworldsave, enhancedvisuals, modernfix, jei, configured, zombieawareness, myserveriscompatible, badmobs, farsightedmobs, lazydfu, wegotrunnners, hordes, dynview, fpsreducer, firstaid, forge, konkrete, embeddium, rubidium, minecraft, tenshilib, smoothchunk, ambientsounds, biomesoplenty, vtaw_mw, creativecore, bunker_down, spark, betterfpsdist, flywheel, curios, oculus, mobsunscreen, bocchium, performant, toughasnails, entityculling, backpacked, lostcities, obfuscate, vehicle, fancymenu, drippyloadingscreen, atlaslib, embeddiumextras, coroutil, blood_and_gore, architectury, antiqueatlas, ferritecore, cloth-config, enhancedcelestials, dynamic_fps, enhancedai, betterf3, pretaccraft, textrues_embeddium_options, reeses_sodium_options, improvedmobs, playerrevive, geckolib3, fmextension_audio, presencefootsteps
[00:02:00] [Server thread/INFO] [net.minecraft.server.management.PlayerList/]: Sushyss[/127.140.55.136:35897] logged in with entity id 166 at (-1,837.544, 64, 25.15)
[00:02:01] [Server thread/INFO] [tac/]: PENDING
[00:02:01] [TAB Processing Thread/INFO] [/]: [TAB] [WARN] Player Sushyss's group (none) is not in sorting list! Sorting list: owner,admin,mod,helper,builder,vip,default. Player will be sorted on the bottom.
[00:02:01] [Server thread/INFO] [antiqueatlas/]: Sent markers data #-1 to player Sushyss
[00:02:01] [Server thread/INFO] [antiqueatlas/]: Sent custom biome data to player Sushyss
[00:02:01] [Server thread/INFO] [antiqueatlas/]: Sent custom biome data to player Sushyss
[00:02:01] [Server thread/INFO] [antiqueatlas/]: Sent custom biome data to player Sushyss
[00:02:01] [Server thread/INFO] [antiqueatlas/]: Sent custom biome data to player Sushyss
[00:02:01] [Server thread/INFO] [com.dynamic_view.DynView/]: Mean tick: 1ms increasing chunk view distance to: 6
[00:02:15] [Server thread/INFO] [net.minecraft.network.play.ServerPlayNetHandler/]: Sushyss issued server command: /time set day
[00:02:15] [Server thread/INFO] [net.minecraft.server.dedicated.DedicatedServer/]: [Sushyss: Set the time to 1000]
[00:02:15] [Server thread/INFO] [com.dynamic_view.DynView/]: Mean tick: 12ms increasing chunk view distance to: 7
[00:02:30] [Server thread/INFO] [com.dynamic_view.DynView/]: Mean tick: 8ms increasing chunk view distance to: 8
[00:02:45] [Server thread/INFO] [com.dynamic_view.DynView/]: Mean tick: 7ms increasing chunk view distance to: 9
[00:03:00] [Server thread/INFO] [com.dynamic_view.DynView/]: Mean tick: 7ms increasing chunk view distance to: 10
[00:03:15] [Server thread/INFO] [com.dynamic_view.DynView/]: Mean tick: 8ms increasing chunk view distance to: 11
[00:03:30] [Server thread/INFO] [com.dynamic_view.DynView/]: Mean tick: 8ms increasing chunk view distance to: 12
[00:03:45] [Server thread/INFO] [com.dynamic_view.DynView/]: Mean tick: 7ms increasing chunk view distance to: 13
[00:04:00] [Server thread/INFO] [com.dynamic_view.DynView/]: Mean tick: 6ms increasing chunk view distance to: 14
[00:04:15] [Server thread/INFO] [com.dynamic_view.DynView/]: Mean tick: 7ms increasing chunk view distance to: 15
[00:04:30] [Server thread/INFO] [com.dynamic_view.DynView/]: Mean tick: 7ms increasing chunk view distance to: 16
[00:04:45] [Server thread/INFO] [antiqueatlas/]: Saving local markers data to NBT
[00:04:45] [Server thread/INFO] [com.dynamic_view.DynView/]: Mean tick: 7ms increasing chunk view distance to: 17
[00:05:00] [Server thread/INFO] [com.dynamic_view.DynView/]: Mean tick: 8ms increasing chunk view distance to: 18
[00:05:15] [Server thread/INFO] [com.dynamic_view.DynView/]: Mean tick: 11ms increasing chunk view distance to: 19
[00:05:28] [User Authenticator #3/INFO] [net.minecraft.network.login.ServerLoginNetHandler/]: UUID of player bryanandrewGP1 is 111f642f-e7d1-3717-86f5-4e4129d15af9
[00:05:29] [Server thread/INFO] [net.minecraft.network.login.ServerLoginNetHandler/]: com.mojang.authlib.GameProfile@d832805[id=111f642f-e7d1-3717-86f5-4e4129d15af9,name=bryanandrewGP1,properties={},legacy=false] (/127.248.235.93:41017) lost connection: Disconnected
[00:05:30] [Server thread/INFO] [com.dynamic_view.DynView/]: Mean tick: 8ms increasing chunk view distance to: 20
[00:06:55] [User Authenticator #4/INFO] [net.minecraft.network.login.ServerLoginNetHandler/]: UUID of player bryanandrewGP1 is 111f642f-e7d1-3717-86f5-4e4129d15af9
[00:06:56] [Server thread/INFO] [net.minecraft.network.login.ServerLoginNetHandler/]: com.mojang.authlib.GameProfile@41103a28[id=111f642f-e7d1-3717-86f5-4e4129d15af9,name=bryanandrewGP1,properties={},legacy=false] (/127.248.235.93:46291) lost connection: Disconnected
[00:08:12] [User Authenticator #5/INFO] [net.minecraft.network.login.ServerLoginNetHandler/]: UUID of player bryanandrewGP1 is 111f642f-e7d1-3717-86f5-4e4129d15af9
[00:08:13] [Netty Epoll Server IO #6/INFO] [net.minecraftforge.fml.network.FMLHandshakeHandler/]: Client attempting to join with 80 mods : zombie_extreme, saturn, auudio, hitindication, opotato, incontrol, nerb, entitycollisionfpsfix, connectivity, dynamiclights, tac, lesraisinsadd, insanelib, mr_mcoptimizer, totaldarkness, crafte_string, clumps, fastasyncworldsave, enhancedvisuals, modernfix, jei, configured, zombieawareness, myserveriscompatible, badmobs, farsightedmobs, lazydfu, wegotrunnners, hordes, dynview, fpsreducer, firstaid, forge, konkrete, embeddium, rubidium, minecraft, tenshilib, smoothchunk, ambientsounds, biomesoplenty, vtaw_mw, creativecore, bunker_down, spark, betterfpsdist, flywheel, curios, oculus, mobsunscreen, bocchium, performant, toughasnails, entityculling, backpacked, lostcities, obfuscate, vehicle, fancymenu, drippyloadingscreen, atlaslib, embeddiumextras, coroutil, blood_and_gore, architectury, antiqueatlas, ferritecore, cloth-config, enhancedcelestials, dynamic_fps, enhancedai, betterf3, pretaccraft, textrues_embeddium_options, reeses_sodium_options, improvedmobs, playerrevive, geckolib3, fmextension_audio, presencefootsteps
[00:08:14] [Server thread/INFO] [net.minecraft.server.management.PlayerList/]: bryanandrewGP1[/127.248.235.93:56743] logged in with entity id 862 at (-1,835.536, 64, 35.7)
[00:08:14] [Server thread/INFO] [tac/]: PENDING
[00:08:14] [TAB Processing Thread/INFO] [/]: [TAB] [WARN] Player bryanandrewGP1's group (none) is not in sorting list! Sorting list: owner,admin,mod,helper,builder,vip,default. Player will be sorted on the bottom.
[00:08:14] [Server thread/INFO] [antiqueatlas/]: Sent markers data #-1 to player bryanandrewGP1
[00:08:14] [Server thread/INFO] [antiqueatlas/]: Sent custom biome data to player bryanandrewGP1
[00:08:14] [Server thread/INFO] [antiqueatlas/]: Sent custom biome data to player bryanandrewGP1
[00:08:14] [Server thread/INFO] [antiqueatlas/]: Sent custom biome data to player bryanandrewGP1
[00:08:14] [Server thread/INFO] [antiqueatlas/]: Sent custom biome data to player bryanandrewGP1
[00:08:46] [Server thread/INFO] [tac/]: NEW UUID GEN FOR TAC GUN
[00:08:56] [Server thread/INFO] [net.minecraft.server.dedicated.DedicatedServer/]: bryanandrewGP1 is bleeding...
